<?xml version="1.0" encoding="UTF-8"?>
<!-- Generated by org.testng.reporters.JUnitReportReporter -->
<testsuite skipped="0" hostname="DESKTOP-UG9D2ST" name="com.linkedin.Exercise3_SelectionTest" tests="1" failures="0" timestamp="2020-09-22T13:16:50 COT" time="19.734" errors="0">
  <testcase name="loginToLinkedIn" time="19.734" classname="com.linkedin.Exercise3_SelectionTest"/>
  <system-out/>
</testsuite> <!-- com.linkedin.Exercise3_SelectionTest -->
