<?xml version="1.0" encoding="UTF-8"?>
<!-- Generated by org.testng.reporters.JUnitReportReporter -->
<testsuite skipped="0" hostname="DESKTOP-UG9D2ST" name="com.facebook.Exercise3_SelectionTest" tests="1" failures="0" timestamp="2020-09-22T13:29:32 COT" time="26.042" errors="0">
  <testcase name="loginToLinkedIn" time="26.042" classname="com.facebook.Exercise3_SelectionTest"/>
  <system-out/>
</testsuite> <!-- com.facebook.Exercise3_SelectionTest -->
