<?xml version="1.0" encoding="UTF-8"?>
<!-- Generated by org.testng.reporters.JUnitReportReporter -->
<testsuite skipped="0" hostname="DESKTOP-UG9D2ST" name="com.linkedin.YahooSelection" tests="1" failures="0" timestamp="2020-09-22T12:49:27 COT" time="28.656" errors="0">
  <testcase name="loginToLinkedIn" time="28.656" classname="com.linkedin.YahooSelection"/>
  <system-out/>
</testsuite> <!-- com.linkedin.YahooSelection -->
